{"level":"info","message":"Listening on port 3900...","timestamp":"2020-08-20T10:37:05.293Z"}
{"level":"info","message":"Connected to mongodb://localhost/ems...","timestamp":"2020-08-20T10:37:05.398Z"}
{"level":"info","message":"Listening on port 3900...","timestamp":"2020-08-20T14:42:16.390Z"}
{"level":"info","message":"Connected to mongodb://localhost/ems...","timestamp":"2020-08-20T14:42:16.416Z"}
{"level":"info","message":"Listening on port 3900...","timestamp":"2020-08-21T10:36:00.682Z"}
{"level":"info","message":"Connected to mongodb://localhost/ems...","timestamp":"2020-08-21T10:36:00.700Z"}
{"level":"info","message":"Listening on port 3900...","timestamp":"2020-08-21T14:30:00.380Z"}
{"level":"info","message":"Connected to mongodb://localhost/ems...","timestamp":"2020-08-21T14:30:00.396Z"}
{"level":"info","message":"Listening on port 3900...","timestamp":"2020-08-21T14:53:42.509Z"}
{"level":"info","message":"Connected to mongodb://localhost/ems...","timestamp":"2020-08-21T14:53:42.538Z"}
{"level":"info","message":"Listening on port 3900...","timestamp":"2020-08-22T06:03:47.115Z"}
{"level":"info","message":"Connected to mongodb://localhost/ems...","timestamp":"2020-08-22T06:03:47.131Z"}
{"level":"info","message":"Listening on port 3900...","timestamp":"2020-08-22T06:41:52.184Z"}
{"level":"info","message":"Connected to mongodb://localhost/ems...","timestamp":"2020-08-22T06:41:52.213Z"}
{"level":"info","message":"Listening on port 3900...","timestamp":"2020-08-22T06:42:37.797Z"}
{"level":"info","message":"Connected to mongodb://localhost/ems...","timestamp":"2020-08-22T06:42:37.830Z"}
{"message":"validate is not defined","stack":"ReferenceError: validate is not defined\n    at router.post (/home/wallace/development/dhanraj/emsServer/routes/auth.js:25:11)\n    at /home/wallace/development/dhanraj/emsServer/node_modules/express-async-errors/index.js:17:17\n    at Layer.handle [as handle_request] (/home/wallace/development/dhanraj/emsServer/node_modules/express/lib/router/layer.js:95:5)\n    at next (/home/wallace/development/dhanraj/emsServer/node_modules/express/lib/router/route.js:137:13)\n    at Route.dispatch (/home/wallace/development/dhanraj/emsServer/node_modules/express/lib/router/route.js:112:3)\n    at /home/wallace/development/dhanraj/emsServer/node_modules/express-async-errors/index.js:17:17\n    at Layer.handle [as handle_request] (/home/wallace/development/dhanraj/emsServer/node_modules/express/lib/router/layer.js:95:5)\n    at /home/wallace/development/dhanraj/emsServer/node_modules/express/lib/router/index.js:281:22\n    at Function.process_params (/home/wallace/development/dhanraj/emsServer/node_modules/express/lib/router/index.js:335:12)\n    at next (/home/wallace/development/dhanraj/emsServer/node_modules/express/lib/router/index.js:275:10)\n    at Function.handle (/home/wallace/development/dhanraj/emsServer/node_modules/express/lib/router/index.js:174:3)\n    at router (/home/wallace/development/dhanraj/emsServer/node_modules/express/lib/router/index.js:47:12)\n    at /home/wallace/development/dhanraj/emsServer/node_modules/express-async-errors/index.js:17:17\n    at Layer.handle [as handle_request] (/home/wallace/development/dhanraj/emsServer/node_modules/express/lib/router/layer.js:95:5)\n    at trim_prefix (/home/wallace/development/dhanraj/emsServer/node_modules/express/lib/router/index.js:317:13)\n    at /home/wallace/development/dhanraj/emsServer/node_modules/express/lib/router/index.js:284:7","level":"error","timestamp":"2020-08-22T06:42:41.873Z"}
{"level":"info","message":"Listening on port 3900...","timestamp":"2020-08-22T06:43:07.460Z"}
{"level":"info","message":"Connected to mongodb://localhost/ems...","timestamp":"2020-08-22T06:43:07.487Z"}
{"level":"info","message":"Listening on port 3900...","timestamp":"2020-08-22T06:43:39.730Z"}
{"level":"info","message":"Connected to mongodb://localhost/ems...","timestamp":"2020-08-22T06:43:39.759Z"}
{"level":"info","message":"Listening on port 3900...","timestamp":"2020-08-22T06:43:55.752Z"}
{"level":"info","message":"Connected to mongodb://localhost/ems...","timestamp":"2020-08-22T06:43:55.780Z"}
{"level":"info","message":"Listening on port 3900...","timestamp":"2020-08-22T06:50:37.066Z"}
{"level":"info","message":"Connected to mongodb://localhost/ems...","timestamp":"2020-08-22T06:50:37.096Z"}
{"level":"info","message":"Listening on port 3900...","timestamp":"2020-08-22T06:54:04.248Z"}
{"level":"info","message":"Connected to mongodb://localhost/ems...","timestamp":"2020-08-22T06:54:04.278Z"}
{"level":"info","message":"Listening on port 3900...","timestamp":"2020-08-22T07:00:27.889Z"}
{"level":"info","message":"Connected to mongodb://localhost/ems...","timestamp":"2020-08-22T07:00:27.920Z"}
{"level":"info","message":"Listening on port 3900...","timestamp":"2020-08-22T07:03:28.150Z"}
{"level":"info","message":"Connected to mongodb://localhost/ems...","timestamp":"2020-08-22T07:03:28.181Z"}
{"message":"Unexpected string in JSON at position 33","stack":"SyntaxError: Unexpected string in JSON at position 33\n    at JSON.parse (<anonymous>)\n    at parse (/home/wallace/development/dhanraj/emsServer/node_modules/body-parser/lib/types/json.js:89:19)\n    at /home/wallace/development/dhanraj/emsServer/node_modules/body-parser/lib/read.js:121:18\n    at invokeCallback (/home/wallace/development/dhanraj/emsServer/node_modules/raw-body/index.js:224:16)\n    at done (/home/wallace/development/dhanraj/emsServer/node_modules/raw-body/index.js:213:7)\n    at IncomingMessage.onEnd (/home/wallace/development/dhanraj/emsServer/node_modules/raw-body/index.js:273:7)\n    at emitNone (events.js:106:13)\n    at IncomingMessage.emit (events.js:208:7)\n    at endReadableNT (_stream_readable.js:1064:12)\n    at _combinedTickCallback (internal/process/next_tick.js:138:11)\n    at process._tickCallback (internal/process/next_tick.js:180:9)","expose":true,"statusCode":400,"status":400,"body":"{\n\"email\":\"spriya.hby@gmail.com\"\n\"password\":\"123456\"\n}","type":"entity.parse.failed","level":"error","timestamp":"2020-08-22T07:04:19.341Z"}
{"level":"info","message":"Listening on port 3900...","timestamp":"2020-08-22T07:04:30.742Z"}
{"level":"info","message":"Connected to mongodb://localhost/ems...","timestamp":"2020-08-22T07:04:30.774Z"}
{"message":"Unexpected string in JSON at position 33","stack":"SyntaxError: Unexpected string in JSON at position 33\n    at JSON.parse (<anonymous>)\n    at parse (/home/wallace/development/dhanraj/emsServer/node_modules/body-parser/lib/types/json.js:89:19)\n    at /home/wallace/development/dhanraj/emsServer/node_modules/body-parser/lib/read.js:121:18\n    at invokeCallback (/home/wallace/development/dhanraj/emsServer/node_modules/raw-body/index.js:224:16)\n    at done (/home/wallace/development/dhanraj/emsServer/node_modules/raw-body/index.js:213:7)\n    at IncomingMessage.onEnd (/home/wallace/development/dhanraj/emsServer/node_modules/raw-body/index.js:273:7)\n    at emitNone (events.js:106:13)\n    at IncomingMessage.emit (events.js:208:7)\n    at endReadableNT (_stream_readable.js:1064:12)\n    at _combinedTickCallback (internal/process/next_tick.js:138:11)\n    at process._tickCallback (internal/process/next_tick.js:180:9)","expose":true,"statusCode":400,"status":400,"body":"{\n\"email\":\"spriya.hby@gmail.com\"\n\"password\":\"123456\"\n}","type":"entity.parse.failed","level":"error","timestamp":"2020-08-22T07:04:34.296Z"}
{"level":"info","message":"Listening on port 3900...","timestamp":"2020-08-22T07:05:16.038Z"}
{"level":"info","message":"Connected to mongodb://localhost/ems...","timestamp":"2020-08-22T07:05:16.069Z"}
{"message":"Unexpected string in JSON at position 33","stack":"SyntaxError: Unexpected string in JSON at position 33\n    at JSON.parse (<anonymous>)\n    at parse (/home/wallace/development/dhanraj/emsServer/node_modules/body-parser/lib/types/json.js:89:19)\n    at /home/wallace/development/dhanraj/emsServer/node_modules/body-parser/lib/read.js:121:18\n    at invokeCallback (/home/wallace/development/dhanraj/emsServer/node_modules/raw-body/index.js:224:16)\n    at done (/home/wallace/development/dhanraj/emsServer/node_modules/raw-body/index.js:213:7)\n    at IncomingMessage.onEnd (/home/wallace/development/dhanraj/emsServer/node_modules/raw-body/index.js:273:7)\n    at emitNone (events.js:106:13)\n    at IncomingMessage.emit (events.js:208:7)\n    at endReadableNT (_stream_readable.js:1064:12)\n    at _combinedTickCallback (internal/process/next_tick.js:138:11)\n    at process._tickCallback (internal/process/next_tick.js:180:9)","expose":true,"statusCode":400,"status":400,"body":"{\n\"email\":\"spriya.hby@gmail.com\"\n\"password\":\"123456\"\n}","type":"entity.parse.failed","level":"error","timestamp":"2020-08-22T07:05:18.510Z"}
{"message":"Unexpected string in JSON at position 33","stack":"SyntaxError: Unexpected string in JSON at position 33\n    at JSON.parse (<anonymous>)\n    at parse (/home/wallace/development/dhanraj/emsServer/node_modules/body-parser/lib/types/json.js:89:19)\n    at /home/wallace/development/dhanraj/emsServer/node_modules/body-parser/lib/read.js:121:18\n    at invokeCallback (/home/wallace/development/dhanraj/emsServer/node_modules/raw-body/index.js:224:16)\n    at done (/home/wallace/development/dhanraj/emsServer/node_modules/raw-body/index.js:213:7)\n    at IncomingMessage.onEnd (/home/wallace/development/dhanraj/emsServer/node_modules/raw-body/index.js:273:7)\n    at emitNone (events.js:106:13)\n    at IncomingMessage.emit (events.js:208:7)\n    at endReadableNT (_stream_readable.js:1064:12)\n    at _combinedTickCallback (internal/process/next_tick.js:138:11)\n    at process._tickCallback (internal/process/next_tick.js:180:9)","expose":true,"statusCode":400,"status":400,"body":"{\n\"email\":\"spriya.hby@gmail.com\"\n\"password\":\"\"\n}","type":"entity.parse.failed","level":"error","timestamp":"2020-08-22T07:05:51.278Z"}
{"message":"Unexpected string in JSON at position 33","stack":"SyntaxError: Unexpected string in JSON at position 33\n    at JSON.parse (<anonymous>)\n    at parse (/home/wallace/development/dhanraj/emsServer/node_modules/body-parser/lib/types/json.js:89:19)\n    at /home/wallace/development/dhanraj/emsServer/node_modules/body-parser/lib/read.js:121:18\n    at invokeCallback (/home/wallace/development/dhanraj/emsServer/node_modules/raw-body/index.js:224:16)\n    at done (/home/wallace/development/dhanraj/emsServer/node_modules/raw-body/index.js:213:7)\n    at IncomingMessage.onEnd (/home/wallace/development/dhanraj/emsServer/node_modules/raw-body/index.js:273:7)\n    at emitNone (events.js:106:13)\n    at IncomingMessage.emit (events.js:208:7)\n    at endReadableNT (_stream_readable.js:1064:12)\n    at _combinedTickCallback (internal/process/next_tick.js:138:11)\n    at process._tickCallback (internal/process/next_tick.js:180:9)","expose":true,"statusCode":400,"status":400,"body":"{\n\"email\":\"spriya.hby@gmail.com\"\n\"password\":\"\"\n}","type":"entity.parse.failed","level":"error","timestamp":"2020-08-22T07:05:52.579Z"}
{"message":"Unexpected token } in JSON at position 34","stack":"SyntaxError: Unexpected token } in JSON at position 34\n    at JSON.parse (<anonymous>)\n    at parse (/home/wallace/development/dhanraj/emsServer/node_modules/body-parser/lib/types/json.js:89:19)\n    at /home/wallace/development/dhanraj/emsServer/node_modules/body-parser/lib/read.js:121:18\n    at invokeCallback (/home/wallace/development/dhanraj/emsServer/node_modules/raw-body/index.js:224:16)\n    at done (/home/wallace/development/dhanraj/emsServer/node_modules/raw-body/index.js:213:7)\n    at IncomingMessage.onEnd (/home/wallace/development/dhanraj/emsServer/node_modules/raw-body/index.js:273:7)\n    at emitNone (events.js:106:13)\n    at IncomingMessage.emit (events.js:208:7)\n    at endReadableNT (_stream_readable.js:1064:12)\n    at _combinedTickCallback (internal/process/next_tick.js:138:11)\n    at process._tickCallback (internal/process/next_tick.js:180:9)","expose":true,"statusCode":400,"status":400,"body":"{\n\"email\":\"spriya.hby@gmail.com\",\n}","type":"entity.parse.failed","level":"error","timestamp":"2020-08-22T07:13:06.788Z"}
{"message":"Unexpected token } in JSON at position 34","stack":"SyntaxError: Unexpected token } in JSON at position 34\n    at JSON.parse (<anonymous>)\n    at parse (/home/wallace/development/dhanraj/emsServer/node_modules/body-parser/lib/types/json.js:89:19)\n    at /home/wallace/development/dhanraj/emsServer/node_modules/body-parser/lib/read.js:121:18\n    at invokeCallback (/home/wallace/development/dhanraj/emsServer/node_modules/raw-body/index.js:224:16)\n    at done (/home/wallace/development/dhanraj/emsServer/node_modules/raw-body/index.js:213:7)\n    at IncomingMessage.onEnd (/home/wallace/development/dhanraj/emsServer/node_modules/raw-body/index.js:273:7)\n    at emitNone (events.js:106:13)\n    at IncomingMessage.emit (events.js:208:7)\n    at endReadableNT (_stream_readable.js:1064:12)\n    at _combinedTickCallback (internal/process/next_tick.js:138:11)\n    at process._tickCallback (internal/process/next_tick.js:180:9)","expose":true,"statusCode":400,"status":400,"body":"{\n\"email\":\"spriya.hby@gmail.com\",\n}","type":"entity.parse.failed","level":"error","timestamp":"2020-08-22T07:13:08.497Z"}
{"message":"Unexpected token } in JSON at position 34","stack":"SyntaxError: Unexpected token } in JSON at position 34\n    at JSON.parse (<anonymous>)\n    at parse (/home/wallace/development/dhanraj/emsServer/node_modules/body-parser/lib/types/json.js:89:19)\n    at /home/wallace/development/dhanraj/emsServer/node_modules/body-parser/lib/read.js:121:18\n    at invokeCallback (/home/wallace/development/dhanraj/emsServer/node_modules/raw-body/index.js:224:16)\n    at done (/home/wallace/development/dhanraj/emsServer/node_modules/raw-body/index.js:213:7)\n    at IncomingMessage.onEnd (/home/wallace/development/dhanraj/emsServer/node_modules/raw-body/index.js:273:7)\n    at emitNone (events.js:106:13)\n    at IncomingMessage.emit (events.js:208:7)\n    at endReadableNT (_stream_readable.js:1064:12)\n    at _combinedTickCallback (internal/process/next_tick.js:138:11)\n    at process._tickCallback (internal/process/next_tick.js:180:9)","expose":true,"statusCode":400,"status":400,"body":"{\n\"email\":\"spriya.hby@gmail.com\",\n}","type":"entity.parse.failed","level":"error","timestamp":"2020-08-22T07:13:09.963Z"}
{"level":"info","message":"Listening on port 3900...","timestamp":"2020-08-22T07:18:54.186Z"}
{"level":"info","message":"Connected to mongodb://localhost/ems...","timestamp":"2020-08-22T07:18:54.215Z"}
{"level":"info","message":"Listening on port 3900...","timestamp":"2020-08-22T07:33:56.256Z"}
{"level":"info","message":"Connected to mongodb://localhost/ems...","timestamp":"2020-08-22T07:33:56.286Z"}
{"level":"info","message":"Listening on port 3900...","timestamp":"2020-08-22T07:34:44.088Z"}
{"level":"info","message":"Connected to mongodb://localhost/ems...","timestamp":"2020-08-22T07:34:44.122Z"}
{"level":"info","message":"Listening on port 3900...","timestamp":"2020-08-22T07:35:13.228Z"}
{"level":"info","message":"Connected to mongodb://localhost/ems...","timestamp":"2020-08-22T07:35:13.257Z"}
{"level":"info","message":"Listening on port 3900...","timestamp":"2020-08-22T07:35:23.792Z"}
{"level":"info","message":"Connected to mongodb://localhost/ems...","timestamp":"2020-08-22T07:35:23.822Z"}
{"level":"info","message":"Listening on port 3900...","timestamp":"2020-08-22T07:35:52.613Z"}
{"level":"info","message":"Connected to mongodb://localhost/ems...","timestamp":"2020-08-22T07:35:52.640Z"}
{"level":"info","message":"Listening on port 3900...","timestamp":"2020-08-22T07:35:59.133Z"}
{"level":"info","message":"Connected to mongodb://localhost/ems...","timestamp":"2020-08-22T07:35:59.163Z"}
{"message":"Illegal arguments: undefined, string","stack":"Error: Illegal arguments: undefined, string\n    at _async (/home/wallace/development/dhanraj/emsServer/node_modules/bcryptjs/dist/bcrypt.js:286:46)\n    at /home/wallace/development/dhanraj/emsServer/node_modules/bcryptjs/dist/bcrypt.js:307:17\n    at new Promise (<anonymous>)\n    at Object.bcrypt.compare (/home/wallace/development/dhanraj/emsServer/node_modules/bcryptjs/dist/bcrypt.js:306:20)\n    at router.post (/home/wallace/development/dhanraj/emsServer/routes/auth.js:31:40)\n    at <anonymous>\n    at process._tickCallback (internal/process/next_tick.js:188:7)","level":"error","timestamp":"2020-08-22T07:39:02.834Z"}
{"message":"Illegal arguments: undefined, string","stack":"Error: Illegal arguments: undefined, string\n    at _async (/home/wallace/development/dhanraj/emsServer/node_modules/bcryptjs/dist/bcrypt.js:286:46)\n    at /home/wallace/development/dhanraj/emsServer/node_modules/bcryptjs/dist/bcrypt.js:307:17\n    at new Promise (<anonymous>)\n    at Object.bcrypt.compare (/home/wallace/development/dhanraj/emsServer/node_modules/bcryptjs/dist/bcrypt.js:306:20)\n    at router.post (/home/wallace/development/dhanraj/emsServer/routes/auth.js:31:40)\n    at <anonymous>\n    at process._tickCallback (internal/process/next_tick.js:188:7)","level":"error","timestamp":"2020-08-22T07:39:10.676Z"}
{"level":"info","message":"Listening on port 3900...","timestamp":"2020-08-22T07:43:32.950Z"}
{"level":"info","message":"Connected to mongodb://localhost/ems...","timestamp":"2020-08-22T07:43:32.980Z"}
{"level":"info","message":"Listening on port 3900...","timestamp":"2020-08-22T07:54:45.312Z"}
{"level":"info","message":"Connected to mongodb://localhost/ems...","timestamp":"2020-08-22T07:54:45.346Z"}
{"level":"info","message":"Listening on port 3900...","timestamp":"2020-08-22T07:55:11.524Z"}
{"level":"info","message":"Connected to mongodb://localhost/ems...","timestamp":"2020-08-22T07:55:11.553Z"}
{"level":"info","message":"Listening on port 3900...","timestamp":"2020-08-22T07:55:14.167Z"}
{"level":"info","message":"Connected to mongodb://localhost/ems...","timestamp":"2020-08-22T07:55:14.195Z"}
{"level":"info","message":"Listening on port 3900...","timestamp":"2020-08-22T07:56:00.553Z"}
{"level":"info","message":"Connected to mongodb://localhost/ems...","timestamp":"2020-08-22T07:56:00.581Z"}
{"level":"info","message":"Listening on port 3900...","timestamp":"2020-08-22T07:56:03.716Z"}
{"level":"info","message":"Connected to mongodb://localhost/ems...","timestamp":"2020-08-22T07:56:03.742Z"}
{"level":"info","message":"Listening on port 3900...","timestamp":"2020-08-22T08:01:00.904Z"}
{"level":"info","message":"Connected to mongodb://localhost/ems...","timestamp":"2020-08-22T08:01:00.934Z"}
{"level":"info","message":"Listening on port 3900...","timestamp":"2020-08-22T08:06:00.453Z"}
{"level":"info","message":"Connected to mongodb://localhost/ems...","timestamp":"2020-08-22T08:06:00.482Z"}
{"message":"token is not defined","stack":"ReferenceError: token is not defined\n    at router.post (/home/wallace/development/dhanraj/emsServer/routes/auth.js:33:12)\n    at <anonymous>\n    at process._tickCallback (internal/process/next_tick.js:188:7)","level":"error","timestamp":"2020-08-22T08:10:21.229Z"}
{"level":"info","message":"Listening on port 3900...","timestamp":"2020-08-22T08:10:37.613Z"}
{"level":"info","message":"Connected to mongodb://localhost/ems...","timestamp":"2020-08-22T08:10:37.645Z"}
{"level":"info","message":"Listening on port 3900...","timestamp":"2020-08-22T08:46:08.000Z"}
{"level":"info","message":"Connected to mongodb://localhost/ems...","timestamp":"2020-08-22T08:46:08.024Z"}
{"message":"rsvpContent is not defined","stack":"ReferenceError: rsvpContent is not defined\n    at router.post (/home/wallace/development/dhanraj/emsServer/routes/auth.js:41:25)\n    at <anonymous>\n    at process._tickCallback (internal/process/next_tick.js:188:7)","level":"error","timestamp":"2020-08-22T08:46:15.918Z"}
{"level":"info","message":"Listening on port 3900...","timestamp":"2020-08-22T08:47:21.231Z"}
{"level":"info","message":"Connected to mongodb://localhost/ems...","timestamp":"2020-08-22T08:47:21.255Z"}
{"message":"rsvpContent is not defined","stack":"ReferenceError: rsvpContent is not defined\n    at router.post (/home/wallace/development/dhanraj/emsServer/routes/auth.js:41:25)\n    at <anonymous>\n    at process._tickCallback (internal/process/next_tick.js:188:7)","level":"error","timestamp":"2020-08-22T08:47:23.406Z"}
{"message":"rsvpContent is not defined","stack":"ReferenceError: rsvpContent is not defined\n    at router.post (/home/wallace/development/dhanraj/emsServer/routes/auth.js:41:25)\n    at <anonymous>\n    at process._tickCallback (internal/process/next_tick.js:188:7)","level":"error","timestamp":"2020-08-22T08:47:24.672Z"}
{"level":"info","message":"Listening on port 3900...","timestamp":"2020-08-22T08:47:33.039Z"}
{"level":"info","message":"Connected to mongodb://localhost/ems...","timestamp":"2020-08-22T08:47:33.063Z"}
{"message":"rsvpContent is not defined","stack":"ReferenceError: rsvpContent is not defined\n    at router.post (/home/wallace/development/dhanraj/emsServer/routes/auth.js:41:25)\n    at <anonymous>\n    at process._tickCallback (internal/process/next_tick.js:188:7)","level":"error","timestamp":"2020-08-22T08:47:35.450Z"}
{"level":"info","message":"Listening on port 3900...","timestamp":"2020-08-22T08:47:44.113Z"}
{"level":"info","message":"Connected to mongodb://localhost/ems...","timestamp":"2020-08-22T08:47:44.137Z"}
{"level":"info","message":"Listening on port 3900...","timestamp":"2020-08-22T08:48:00.131Z"}
{"level":"info","message":"Connected to mongodb://localhost/ems...","timestamp":"2020-08-22T08:48:00.157Z"}
{"level":"info","message":"Listening on port 3900...","timestamp":"2020-08-22T08:48:49.895Z"}
{"level":"info","message":"Connected to mongodb://localhost/ems...","timestamp":"2020-08-22T08:48:49.920Z"}
{"level":"info","message":"Listening on port 3900...","timestamp":"2020-08-22T08:48:58.474Z"}
{"level":"info","message":"Connected to mongodb://localhost/ems...","timestamp":"2020-08-22T08:48:58.500Z"}
{"message":"Missing credentials for \"PLAIN\"","stack":"Error: Missing credentials for \"PLAIN\"\n    at SMTPConnection._formatError (/home/wallace/development/dhanraj/emsServer/node_modules/nodemailer/lib/smtp-connection/index.js:784:19)\n    at SMTPConnection.login (/home/wallace/development/dhanraj/emsServer/node_modules/nodemailer/lib/smtp-connection/index.js:448:38)\n    at connection.connect (/home/wallace/development/dhanraj/emsServer/node_modules/nodemailer/lib/smtp-transport/index.js:271:32)\n    at SMTPConnection.once (/home/wallace/development/dhanraj/emsServer/node_modules/nodemailer/lib/smtp-connection/index.js:215:17)\n    at Object.onceWrapper (events.js:313:30)\n    at emitNone (events.js:106:13)\n    at SMTPConnection.emit (events.js:208:7)\n    at SMTPConnection._actionEHLO (/home/wallace/development/dhanraj/emsServer/node_modules/nodemailer/lib/smtp-connection/index.js:1313:14)\n    at SMTPConnection._processResponse (/home/wallace/development/dhanraj/emsServer/node_modules/nodemailer/lib/smtp-connection/index.js:942:20)\n    at SMTPConnection._onData (/home/wallace/development/dhanraj/emsServer/node_modules/nodemailer/lib/smtp-connection/index.js:749:14)\n    at TLSSocket.SMTPConnection._onSocketData.chunk (/home/wallace/development/dhanraj/emsServer/node_modules/nodemailer/lib/smtp-connection/index.js:195:44)\n    at emitOne (events.js:116:13)\n    at TLSSocket.emit (events.js:211:7)\n    at addChunk (_stream_readable.js:263:12)\n    at readableAddChunk (_stream_readable.js:250:11)\n    at TLSSocket.Readable.push (_stream_readable.js:208:10)","code":"EAUTH","command":"API","level":"error","timestamp":"2020-08-22T08:49:00.348Z"}
{"level":"info","message":"Listening on port 3900...","timestamp":"2020-08-22T09:02:28.735Z"}
{"level":"info","message":"Connected to mongodb://localhost/ems...","timestamp":"2020-08-22T09:02:28.767Z"}
{"level":"info","message":"Listening on port 3900...","timestamp":"2020-08-22T09:04:36.972Z"}
{"level":"info","message":"Connected to mongodb://localhost/ems...","timestamp":"2020-08-22T09:04:37.002Z"}
{"message":"Invalid login: 535-5.7.8 Username and Password not accepted. Learn more at\n535 5.7.8  https://support.google.com/mail/?p=BadCredentials x127sm5067489pfd.86 - gsmtp","stack":"Error: Invalid login: 535-5.7.8 Username and Password not accepted. Learn more at\n535 5.7.8  https://support.google.com/mail/?p=BadCredentials x127sm5067489pfd.86 - gsmtp\n    at SMTPConnection._formatError (/home/wallace/development/dhanraj/emsServer/node_modules/nodemailer/lib/smtp-connection/index.js:784:19)\n    at SMTPConnection._actionAUTHComplete (/home/wallace/development/dhanraj/emsServer/node_modules/nodemailer/lib/smtp-connection/index.js:1523:34)\n    at SMTPConnection._responseActions.push.str (/home/wallace/development/dhanraj/emsServer/node_modules/nodemailer/lib/smtp-connection/index.js:550:26)\n    at SMTPConnection._processResponse (/home/wallace/development/dhanraj/emsServer/node_modules/nodemailer/lib/smtp-connection/index.js:942:20)\n    at SMTPConnection._onData (/home/wallace/development/dhanraj/emsServer/node_modules/nodemailer/lib/smtp-connection/index.js:749:14)\n    at TLSSocket.SMTPConnection._onSocketData.chunk (/home/wallace/development/dhanraj/emsServer/node_modules/nodemailer/lib/smtp-connection/index.js:195:44)\n    at emitOne (events.js:116:13)\n    at TLSSocket.emit (events.js:211:7)\n    at addChunk (_stream_readable.js:263:12)\n    at readableAddChunk (_stream_readable.js:250:11)\n    at TLSSocket.Readable.push (_stream_readable.js:208:10)\n    at TLSWrap.onread (net.js:607:20)","code":"EAUTH","response":"535-5.7.8 Username and Password not accepted. Learn more at\n535 5.7.8  https://support.google.com/mail/?p=BadCredentials x127sm5067489pfd.86 - gsmtp","responseCode":535,"command":"AUTH PLAIN","level":"error","timestamp":"2020-08-22T09:04:45.458Z"}
{"message":"Invalid login: 535-5.7.8 Username and Password not accepted. Learn more at\n535 5.7.8  https://support.google.com/mail/?p=BadCredentials t25sm4971299pfe.76 - gsmtp","stack":"Error: Invalid login: 535-5.7.8 Username and Password not accepted. Learn more at\n535 5.7.8  https://support.google.com/mail/?p=BadCredentials t25sm4971299pfe.76 - gsmtp\n    at SMTPConnection._formatError (/home/wallace/development/dhanraj/emsServer/node_modules/nodemailer/lib/smtp-connection/index.js:784:19)\n    at SMTPConnection._actionAUTHComplete (/home/wallace/development/dhanraj/emsServer/node_modules/nodemailer/lib/smtp-connection/index.js:1523:34)\n    at SMTPConnection._responseActions.push.str (/home/wallace/development/dhanraj/emsServer/node_modules/nodemailer/lib/smtp-connection/index.js:550:26)\n    at SMTPConnection._processResponse (/home/wallace/development/dhanraj/emsServer/node_modules/nodemailer/lib/smtp-connection/index.js:942:20)\n    at SMTPConnection._onData (/home/wallace/development/dhanraj/emsServer/node_modules/nodemailer/lib/smtp-connection/index.js:749:14)\n    at TLSSocket.SMTPConnection._onSocketData.chunk (/home/wallace/development/dhanraj/emsServer/node_modules/nodemailer/lib/smtp-connection/index.js:195:44)\n    at emitOne (events.js:116:13)\n    at TLSSocket.emit (events.js:211:7)\n    at addChunk (_stream_readable.js:263:12)\n    at readableAddChunk (_stream_readable.js:250:11)\n    at TLSSocket.Readable.push (_stream_readable.js:208:10)\n    at TLSWrap.onread (net.js:607:20)","code":"EAUTH","response":"535-5.7.8 Username and Password not accepted. Learn more at\n535 5.7.8  https://support.google.com/mail/?p=BadCredentials t25sm4971299pfe.76 - gsmtp","responseCode":535,"command":"AUTH PLAIN","level":"error","timestamp":"2020-08-22T09:10:11.844Z"}
{"level":"info","message":"Listening on port 3900...","timestamp":"2020-08-22T09:10:22.499Z"}
{"level":"info","message":"Connected to mongodb://localhost/ems...","timestamp":"2020-08-22T09:10:22.537Z"}
